Performing C++ SOURCE FILE Test COMPILER_SUPPORT_Wshorten64to32 failed with the following output:
Change Dir: /home/mprzystupa/git/cs526Project/eigen/build_dir/CMakeFiles/CMakeTmp

Run Build Command:"/usr/bin/make" "cmTC_1fffc/fast"
/usr/bin/make -f CMakeFiles/cmTC_1fffc.dir/build.make CMakeFiles/cmTC_1fffc.dir/build
make[1]: Entering directory '/home/mprzystupa/git/cs526Project/eigen/build_dir/CMakeFiles/CMakeTmp'
Building CXX object CMakeFiles/cmTC_1fffc.dir/src.cxx.o
/usr/bin/c++     -pedantic -Wall -Wextra -Wundef -Wcast-align -Wchar-subscripts -Wnon-virtual-dtor -Wunused-local-typedefs -Wpointer-arith -Wwrite-strings -Wformat-security -DCOMPILER_SUPPORT_Wshorten64to32 -Werror   -Wshorten-64-to-32 -o CMakeFiles/cmTC_1fffc.dir/src.cxx.o -c /home/mprzystupa/git/cs526Project/eigen/build_dir/CMakeFiles/CMakeTmp/src.cxx
c++: error: unrecognized command line option '-Wshorten-64-to-32'
CMakeFiles/cmTC_1fffc.dir/build.make:65: recipe for target 'CMakeFiles/cmTC_1fffc.dir/src.cxx.o' failed
make[1]: *** [CMakeFiles/cmTC_1fffc.dir/src.cxx.o] Error 1
make[1]: Leaving directory '/home/mprzystupa/git/cs526Project/eigen/build_dir/CMakeFiles/CMakeTmp'
Makefile:126: recipe for target 'cmTC_1fffc/fast' failed
make: *** [cmTC_1fffc/fast] Error 2

Source file was:
int main() { return 0; }
Performing C++ SOURCE FILE Test COMPILER_SUPPORT_Wenumconversion failed with the following output:
Change Dir: /home/mprzystupa/git/cs526Project/eigen/build_dir/CMakeFiles/CMakeTmp

Run Build Command:"/usr/bin/make" "cmTC_41f03/fast"
/usr/bin/make -f CMakeFiles/cmTC_41f03.dir/build.make CMakeFiles/cmTC_41f03.dir/build
make[1]: Entering directory '/home/mprzystupa/git/cs526Project/eigen/build_dir/CMakeFiles/CMakeTmp'
Building CXX object CMakeFiles/cmTC_41f03.dir/src.cxx.o
/usr/bin/c++     -pedantic -Wall -Wextra -Wundef -Wcast-align -Wchar-subscripts -Wnon-virtual-dtor -Wunused-local-typedefs -Wpointer-arith -Wwrite-strings -Wformat-security -Wlogical-op -DCOMPILER_SUPPORT_Wenumconversion -Werror   -Wenum-conversion -o CMakeFiles/cmTC_41f03.dir/src.cxx.o -c /home/mprzystupa/git/cs526Project/eigen/build_dir/CMakeFiles/CMakeTmp/src.cxx
c++: error: unrecognized command line option '-Wenum-conversion'
CMakeFiles/cmTC_41f03.dir/build.make:65: recipe for target 'CMakeFiles/cmTC_41f03.dir/src.cxx.o' failed
make[1]: *** [CMakeFiles/cmTC_41f03.dir/src.cxx.o] Error 1
make[1]: Leaving directory '/home/mprzystupa/git/cs526Project/eigen/build_dir/CMakeFiles/CMakeTmp'
Makefile:126: recipe for target 'cmTC_41f03/fast' failed
make: *** [cmTC_41f03/fast] Error 2

Source file was:
int main() { return 0; }
Performing C++ SOURCE FILE Test COMPILER_SUPPORT_Wcpp11extensions failed with the following output:
Change Dir: /home/mprzystupa/git/cs526Project/eigen/build_dir/CMakeFiles/CMakeTmp

Run Build Command:"/usr/bin/make" "cmTC_5d758/fast"
/usr/bin/make -f CMakeFiles/cmTC_5d758.dir/build.make CMakeFiles/cmTC_5d758.dir/build
make[1]: Entering directory '/home/mprzystupa/git/cs526Project/eigen/build_dir/CMakeFiles/CMakeTmp'
Building CXX object CMakeFiles/cmTC_5d758.dir/src.cxx.o
/usr/bin/c++     -pedantic -Wall -Wextra -Wundef -Wcast-align -Wchar-subscripts -Wnon-virtual-dtor -Wunused-local-typedefs -Wpointer-arith -Wwrite-strings -Wformat-security -Wlogical-op -DCOMPILER_SUPPORT_Wcpp11extensions -Werror   -Wc++11-extensions -o CMakeFiles/cmTC_5d758.dir/src.cxx.o -c /home/mprzystupa/git/cs526Project/eigen/build_dir/CMakeFiles/CMakeTmp/src.cxx
c++: error: unrecognized command line option '-Wc++11-extensions'
CMakeFiles/cmTC_5d758.dir/build.make:65: recipe for target 'CMakeFiles/cmTC_5d758.dir/src.cxx.o' failed
make[1]: *** [CMakeFiles/cmTC_5d758.dir/src.cxx.o] Error 1
make[1]: Leaving directory '/home/mprzystupa/git/cs526Project/eigen/build_dir/CMakeFiles/CMakeTmp'
Makefile:126: recipe for target 'cmTC_5d758/fast' failed
make: *** [cmTC_5d758/fast] Error 2

Source file was:
int main() { return 0; }
Performing C++ SOURCE FILE Test COMPILER_SUPPORT_wd981 failed with the following output:
Change Dir: /home/mprzystupa/git/cs526Project/eigen/build_dir/CMakeFiles/CMakeTmp

Run Build Command:"/usr/bin/make" "cmTC_3f012/fast"
/usr/bin/make -f CMakeFiles/cmTC_3f012.dir/build.make CMakeFiles/cmTC_3f012.dir/build
make[1]: Entering directory '/home/mprzystupa/git/cs526Project/eigen/build_dir/CMakeFiles/CMakeTmp'
Building CXX object CMakeFiles/cmTC_3f012.dir/src.cxx.o
/usr/bin/c++     -pedantic -Wall -Wextra -Wundef -Wcast-align -Wchar-subscripts -Wnon-virtual-dtor -Wunused-local-typedefs -Wpointer-arith -Wwrite-strings -Wformat-security -Wlogical-op -Wdouble-promotion -Wno-psabi -Wno-variadic-macros -Wno-long-long -fno-check-new -fno-common -fstrict-aliasing -DCOMPILER_SUPPORT_wd981 -Werror   -wd981 -o CMakeFiles/cmTC_3f012.dir/src.cxx.o -c /home/mprzystupa/git/cs526Project/eigen/build_dir/CMakeFiles/CMakeTmp/src.cxx
c++: error: unrecognized command line option '-wd981'
CMakeFiles/cmTC_3f012.dir/build.make:65: recipe for target 'CMakeFiles/cmTC_3f012.dir/src.cxx.o' failed
make[1]: *** [CMakeFiles/cmTC_3f012.dir/src.cxx.o] Error 1
make[1]: Leaving directory '/home/mprzystupa/git/cs526Project/eigen/build_dir/CMakeFiles/CMakeTmp'
Makefile:126: recipe for target 'cmTC_3f012/fast' failed
make: *** [cmTC_3f012/fast] Error 2

Source file was:
int main() { return 0; }
Performing C++ SOURCE FILE Test COMPILER_SUPPORT_wd2304 failed with the following output:
Change Dir: /home/mprzystupa/git/cs526Project/eigen/build_dir/CMakeFiles/CMakeTmp

Run Build Command:"/usr/bin/make" "cmTC_ec7a1/fast"
/usr/bin/make -f CMakeFiles/cmTC_ec7a1.dir/build.make CMakeFiles/cmTC_ec7a1.dir/build
make[1]: Entering directory '/home/mprzystupa/git/cs526Project/eigen/build_dir/CMakeFiles/CMakeTmp'
Building CXX object CMakeFiles/cmTC_ec7a1.dir/src.cxx.o
/usr/bin/c++     -pedantic -Wall -Wextra -Wundef -Wcast-align -Wchar-subscripts -Wnon-virtual-dtor -Wunused-local-typedefs -Wpointer-arith -Wwrite-strings -Wformat-security -Wlogical-op -Wdouble-promotion -Wno-psabi -Wno-variadic-macros -Wno-long-long -fno-check-new -fno-common -fstrict-aliasing -DCOMPILER_SUPPORT_wd2304 -Werror   -wd2304 -o CMakeFiles/cmTC_ec7a1.dir/src.cxx.o -c /home/mprzystupa/git/cs526Project/eigen/build_dir/CMakeFiles/CMakeTmp/src.cxx
c++: error: unrecognized command line option '-wd2304'
CMakeFiles/cmTC_ec7a1.dir/build.make:65: recipe for target 'CMakeFiles/cmTC_ec7a1.dir/src.cxx.o' failed
make[1]: *** [CMakeFiles/cmTC_ec7a1.dir/src.cxx.o] Error 1
make[1]: Leaving directory '/home/mprzystupa/git/cs526Project/eigen/build_dir/CMakeFiles/CMakeTmp'
Makefile:126: recipe for target 'cmTC_ec7a1/fast' failed
make: *** [cmTC_ec7a1/fast] Error 2

Source file was:
int main() { return 0; }
Performing C++ SOURCE FILE Test COMPILER_SUPPORT_STRICTANSI failed with the following output:
Change Dir: /home/mprzystupa/git/cs526Project/eigen/build_dir/CMakeFiles/CMakeTmp

Run Build Command:"/usr/bin/make" "cmTC_221bb/fast"
/usr/bin/make -f CMakeFiles/cmTC_221bb.dir/build.make CMakeFiles/cmTC_221bb.dir/build
make[1]: Entering directory '/home/mprzystupa/git/cs526Project/eigen/build_dir/CMakeFiles/CMakeTmp'
Building CXX object CMakeFiles/cmTC_221bb.dir/src.cxx.o
/usr/bin/c++     -pedantic -Wall -Wextra -Wundef -Wcast-align -Wchar-subscripts -Wnon-virtual-dtor -Wunused-local-typedefs -Wpointer-arith -Wwrite-strings -Wformat-security -Wlogical-op -Wdouble-promotion -Wno-psabi -Wno-variadic-macros -Wno-long-long -fno-check-new -fno-common -fstrict-aliasing -DCOMPILER_SUPPORT_STRICTANSI -Werror   -strict-ansi -o CMakeFiles/cmTC_221bb.dir/src.cxx.o -c /home/mprzystupa/git/cs526Project/eigen/build_dir/CMakeFiles/CMakeTmp/src.cxx
c++: error: unrecognized command line option '-strict-ansi'
CMakeFiles/cmTC_221bb.dir/build.make:65: recipe for target 'CMakeFiles/cmTC_221bb.dir/src.cxx.o' failed
make[1]: *** [CMakeFiles/cmTC_221bb.dir/src.cxx.o] Error 1
make[1]: Leaving directory '/home/mprzystupa/git/cs526Project/eigen/build_dir/CMakeFiles/CMakeTmp'
Makefile:126: recipe for target 'cmTC_221bb/fast' failed
make: *** [cmTC_221bb/fast] Error 2

Source file was:
int main() { return 0; }
Performing C++ SOURCE FILE Test COMPILER_SUPPORT_Qunusedarguments failed with the following output:
Change Dir: /home/mprzystupa/git/cs526Project/eigen/build_dir/CMakeFiles/CMakeTmp

Run Build Command:"/usr/bin/make" "cmTC_93757/fast"
/usr/bin/make -f CMakeFiles/cmTC_93757.dir/build.make CMakeFiles/cmTC_93757.dir/build
make[1]: Entering directory '/home/mprzystupa/git/cs526Project/eigen/build_dir/CMakeFiles/CMakeTmp'
Building CXX object CMakeFiles/cmTC_93757.dir/src.cxx.o
/usr/bin/c++     -pedantic -Wall -Wextra -Wundef -Wcast-align -Wchar-subscripts -Wnon-virtual-dtor -Wunused-local-typedefs -Wpointer-arith -Wwrite-strings -Wformat-security -Wlogical-op -Wdouble-promotion -Wno-psabi -Wno-variadic-macros -Wno-long-long -fno-check-new -fno-common -fstrict-aliasing -DCOMPILER_SUPPORT_Qunusedarguments -Werror   -Qunused-arguments -o CMakeFiles/cmTC_93757.dir/src.cxx.o -c /home/mprzystupa/git/cs526Project/eigen/build_dir/CMakeFiles/CMakeTmp/src.cxx
c++: error: unrecognized command line option '-Qunused-arguments'
CMakeFiles/cmTC_93757.dir/build.make:65: recipe for target 'CMakeFiles/cmTC_93757.dir/src.cxx.o' failed
make[1]: *** [CMakeFiles/cmTC_93757.dir/src.cxx.o] Error 1
make[1]: Leaving directory '/home/mprzystupa/git/cs526Project/eigen/build_dir/CMakeFiles/CMakeTmp'
Makefile:126: recipe for target 'cmTC_93757/fast' failed
make: *** [cmTC_93757/fast] Error 2

Source file was:
int main() { return 0; }
Determining if the Q_WS_WIN exist failed with the following output:
Change Dir: /home/mprzystupa/git/cs526Project/eigen/build_dir/CMakeFiles/CMakeTmp

Run Build Command:"/usr/bin/make" "cmTC_4abfa/fast"
/usr/bin/make -f CMakeFiles/cmTC_4abfa.dir/build.make CMakeFiles/cmTC_4abfa.dir/build
make[1]: Entering directory '/home/mprzystupa/git/cs526Project/eigen/build_dir/CMakeFiles/CMakeTmp'
Building CXX object CMakeFiles/cmTC_4abfa.dir/CheckSymbolExists.cxx.o
/usr/bin/c++    -I/usr/include/qt4  -pedantic -Wall -Wextra -Wundef -Wcast-align -Wchar-subscripts -Wnon-virtual-dtor -Wunused-local-typedefs -Wpointer-arith -Wwrite-strings -Wformat-security -Wlogical-op -Wdouble-promotion -Wno-psabi -Wno-variadic-macros -Wno-long-long -fno-check-new -fno-common -fstrict-aliasing -ansi -O1 -g1    -o CMakeFiles/cmTC_4abfa.dir/CheckSymbolExists.cxx.o -c /home/mprzystupa/git/cs526Project/eigen/build_dir/CMakeFiles/CMakeTmp/CheckSymbolExists.cxx
/home/mprzystupa/git/cs526Project/eigen/build_dir/CMakeFiles/CMakeTmp/CheckSymbolExists.cxx: In function ‘int main(int, char**)’:
/home/mprzystupa/git/cs526Project/eigen/build_dir/CMakeFiles/CMakeTmp/CheckSymbolExists.cxx:8:19: error: ‘Q_WS_WIN’ was not declared in this scope
   return ((int*)(&Q_WS_WIN))[argc];
                   ^
CMakeFiles/cmTC_4abfa.dir/build.make:65: recipe for target 'CMakeFiles/cmTC_4abfa.dir/CheckSymbolExists.cxx.o' failed
make[1]: *** [CMakeFiles/cmTC_4abfa.dir/CheckSymbolExists.cxx.o] Error 1
make[1]: Leaving directory '/home/mprzystupa/git/cs526Project/eigen/build_dir/CMakeFiles/CMakeTmp'
Makefile:126: recipe for target 'cmTC_4abfa/fast' failed
make: *** [cmTC_4abfa/fast] Error 2

File /home/mprzystupa/git/cs526Project/eigen/build_dir/CMakeFiles/CMakeTmp/CheckSymbolExists.cxx:
/* */
#include <QtCore/qglobal.h>

int main(int argc, char** argv)
{
  (void)argv;
#ifndef Q_WS_WIN
  return ((int*)(&Q_WS_WIN))[argc];
#else
  (void)argc;
  return 0;
#endif
}

Determining if the Q_WS_QWS exist failed with the following output:
Change Dir: /home/mprzystupa/git/cs526Project/eigen/build_dir/CMakeFiles/CMakeTmp

Run Build Command:"/usr/bin/make" "cmTC_32329/fast"
/usr/bin/make -f CMakeFiles/cmTC_32329.dir/build.make CMakeFiles/cmTC_32329.dir/build
make[1]: Entering directory '/home/mprzystupa/git/cs526Project/eigen/build_dir/CMakeFiles/CMakeTmp'
Building CXX object CMakeFiles/cmTC_32329.dir/CheckSymbolExists.cxx.o
/usr/bin/c++    -I/usr/include/qt4  -pedantic -Wall -Wextra -Wundef -Wcast-align -Wchar-subscripts -Wnon-virtual-dtor -Wunused-local-typedefs -Wpointer-arith -Wwrite-strings -Wformat-security -Wlogical-op -Wdouble-promotion -Wno-psabi -Wno-variadic-macros -Wno-long-long -fno-check-new -fno-common -fstrict-aliasing -ansi -O1 -g1    -o CMakeFiles/cmTC_32329.dir/CheckSymbolExists.cxx.o -c /home/mprzystupa/git/cs526Project/eigen/build_dir/CMakeFiles/CMakeTmp/CheckSymbolExists.cxx
/home/mprzystupa/git/cs526Project/eigen/build_dir/CMakeFiles/CMakeTmp/CheckSymbolExists.cxx: In function ‘int main(int, char**)’:
/home/mprzystupa/git/cs526Project/eigen/build_dir/CMakeFiles/CMakeTmp/CheckSymbolExists.cxx:8:19: error: ‘Q_WS_QWS’ was not declared in this scope
   return ((int*)(&Q_WS_QWS))[argc];
                   ^
CMakeFiles/cmTC_32329.dir/build.make:65: recipe for target 'CMakeFiles/cmTC_32329.dir/CheckSymbolExists.cxx.o' failed
make[1]: *** [CMakeFiles/cmTC_32329.dir/CheckSymbolExists.cxx.o] Error 1
make[1]: Leaving directory '/home/mprzystupa/git/cs526Project/eigen/build_dir/CMakeFiles/CMakeTmp'
Makefile:126: recipe for target 'cmTC_32329/fast' failed
make: *** [cmTC_32329/fast] Error 2

File /home/mprzystupa/git/cs526Project/eigen/build_dir/CMakeFiles/CMakeTmp/CheckSymbolExists.cxx:
/* */
#include <QtCore/qglobal.h>

int main(int argc, char** argv)
{
  (void)argv;
#ifndef Q_WS_QWS
  return ((int*)(&Q_WS_QWS))[argc];
#else
  (void)argc;
  return 0;
#endif
}

Determining if the Q_WS_MAC exist failed with the following output:
Change Dir: /home/mprzystupa/git/cs526Project/eigen/build_dir/CMakeFiles/CMakeTmp

Run Build Command:"/usr/bin/make" "cmTC_33386/fast"
/usr/bin/make -f CMakeFiles/cmTC_33386.dir/build.make CMakeFiles/cmTC_33386.dir/build
make[1]: Entering directory '/home/mprzystupa/git/cs526Project/eigen/build_dir/CMakeFiles/CMakeTmp'
Building CXX object CMakeFiles/cmTC_33386.dir/CheckSymbolExists.cxx.o
/usr/bin/c++    -I/usr/include/qt4  -pedantic -Wall -Wextra -Wundef -Wcast-align -Wchar-subscripts -Wnon-virtual-dtor -Wunused-local-typedefs -Wpointer-arith -Wwrite-strings -Wformat-security -Wlogical-op -Wdouble-promotion -Wno-psabi -Wno-variadic-macros -Wno-long-long -fno-check-new -fno-common -fstrict-aliasing -ansi -O1 -g1    -o CMakeFiles/cmTC_33386.dir/CheckSymbolExists.cxx.o -c /home/mprzystupa/git/cs526Project/eigen/build_dir/CMakeFiles/CMakeTmp/CheckSymbolExists.cxx
/home/mprzystupa/git/cs526Project/eigen/build_dir/CMakeFiles/CMakeTmp/CheckSymbolExists.cxx: In function ‘int main(int, char**)’:
/home/mprzystupa/git/cs526Project/eigen/build_dir/CMakeFiles/CMakeTmp/CheckSymbolExists.cxx:8:19: error: ‘Q_WS_MAC’ was not declared in this scope
   return ((int*)(&Q_WS_MAC))[argc];
                   ^
CMakeFiles/cmTC_33386.dir/build.make:65: recipe for target 'CMakeFiles/cmTC_33386.dir/CheckSymbolExists.cxx.o' failed
make[1]: *** [CMakeFiles/cmTC_33386.dir/CheckSymbolExists.cxx.o] Error 1
make[1]: Leaving directory '/home/mprzystupa/git/cs526Project/eigen/build_dir/CMakeFiles/CMakeTmp'
Makefile:126: recipe for target 'cmTC_33386/fast' failed
make: *** [cmTC_33386/fast] Error 2

File /home/mprzystupa/git/cs526Project/eigen/build_dir/CMakeFiles/CMakeTmp/CheckSymbolExists.cxx:
/* */
#include <QtCore/qglobal.h>

int main(int argc, char** argv)
{
  (void)argv;
#ifndef Q_WS_MAC
  return ((int*)(&Q_WS_MAC))[argc];
#else
  (void)argc;
  return 0;
#endif
}

Determining if the pthread_create exist failed with the following output:
Change Dir: /home/mprzystupa/git/cs526Project/eigen/build_dir/CMakeFiles/CMakeTmp

Run Build Command:"/usr/bin/make" "cmTC_2eae8/fast"
/usr/bin/make -f CMakeFiles/cmTC_2eae8.dir/build.make CMakeFiles/cmTC_2eae8.dir/build
make[1]: Entering directory '/home/mprzystupa/git/cs526Project/eigen/build_dir/CMakeFiles/CMakeTmp'
Building C object CMakeFiles/cmTC_2eae8.dir/CheckSymbolExists.c.o
/usr/bin/cc     -o CMakeFiles/cmTC_2eae8.dir/CheckSymbolExists.c.o   -c /home/mprzystupa/git/cs526Project/eigen/build_dir/CMakeFiles/CMakeTmp/CheckSymbolExists.c
Linking C executable cmTC_2eae8
/usr/bin/cmake -E cmake_link_script CMakeFiles/cmTC_2eae8.dir/link.txt --verbose=1
/usr/bin/cc       CMakeFiles/cmTC_2eae8.dir/CheckSymbolExists.c.o  -o cmTC_2eae8 -rdynamic 
CMakeFiles/cmTC_2eae8.dir/CheckSymbolExists.c.o: In function `main':
CheckSymbolExists.c:(.text+0x16): undefined reference to `pthread_create'
collect2: error: ld returned 1 exit status
CMakeFiles/cmTC_2eae8.dir/build.make:97: recipe for target 'cmTC_2eae8' failed
make[1]: *** [cmTC_2eae8] Error 1
make[1]: Leaving directory '/home/mprzystupa/git/cs526Project/eigen/build_dir/CMakeFiles/CMakeTmp'
Makefile:126: recipe for target 'cmTC_2eae8/fast' failed
make: *** [cmTC_2eae8/fast] Error 2

File /home/mprzystupa/git/cs526Project/eigen/build_dir/CMakeFiles/CMakeTmp/CheckSymbolExists.c:
/* */
#include <pthread.h>

int main(int argc, char** argv)
{
  (void)argv;
#ifndef pthread_create
  return ((int*)(&pthread_create))[argc];
#else
  (void)argc;
  return 0;
#endif
}

Determining if the function pthread_create exists in the pthreads failed with the following output:
Change Dir: /home/mprzystupa/git/cs526Project/eigen/build_dir/CMakeFiles/CMakeTmp

Run Build Command:"/usr/bin/make" "cmTC_3b96a/fast"
/usr/bin/make -f CMakeFiles/cmTC_3b96a.dir/build.make CMakeFiles/cmTC_3b96a.dir/build
make[1]: Entering directory '/home/mprzystupa/git/cs526Project/eigen/build_dir/CMakeFiles/CMakeTmp'
Building C object CMakeFiles/cmTC_3b96a.dir/CheckFunctionExists.c.o
/usr/bin/cc    -DCHECK_FUNCTION_EXISTS=pthread_create   -o CMakeFiles/cmTC_3b96a.dir/CheckFunctionExists.c.o   -c /usr/share/cmake-3.5/Modules/CheckFunctionExists.c
Linking C executable cmTC_3b96a
/usr/bin/cmake -E cmake_link_script CMakeFiles/cmTC_3b96a.dir/link.txt --verbose=1
/usr/bin/cc   -DCHECK_FUNCTION_EXISTS=pthread_create    CMakeFiles/cmTC_3b96a.dir/CheckFunctionExists.c.o  -o cmTC_3b96a -rdynamic -lpthreads 
/usr/bin/ld: cannot find -lpthreads
collect2: error: ld returned 1 exit status
CMakeFiles/cmTC_3b96a.dir/build.make:97: recipe for target 'cmTC_3b96a' failed
make[1]: *** [cmTC_3b96a] Error 1
make[1]: Leaving directory '/home/mprzystupa/git/cs526Project/eigen/build_dir/CMakeFiles/CMakeTmp'
Makefile:126: recipe for target 'cmTC_3b96a/fast' failed
make: *** [cmTC_3b96a/fast] Error 2


